Launching lib\main.dart on Chrome in debug mode...
Waiting for connection from debug service on Chrome...             39.8s

Flutter run key commands.
r Hot reload. 
R Hot restart.
h List all available interactive commands.
d Detach (terminate "flutter run" but leave application running).
c Clear the screen
q Quit (terminate the application on the device).

This app is linked to the debug service: ws://127.0.0.1:13307/l5Cvz7RDpUg=/ws
Debug service listening on ws://127.0.0.1:13307/l5Cvz7RDpUg=/ws
A Dart VM Service on Chrome is available at: http://127.0.0.1:13307/l5Cvz7RDpUg=
The Flutter DevTools debugger and profiler on Chrome is available at: http://127.0.0.1:13307/l5Cvz7RDpUg=/devtools/?uri=ws://127.0.0.1:13307/l5Cvz7RDpUg=/ws
Starting application from main method in: org-dartlang-app:/web_entrypoint.dart.
Error while trying to load an asset: Flutter Web engine failed to fetch "assets/.env". HTTP request succeeded, but the server responded with HTTP status 404.
DartError: Unsupported operation: String.fromEnvironment can only be used as a const constructor
dart-sdk/lib/_internal/js_dev_runtime/private/ddc_runtime/errors.dart 274:3       throw_
dart-sdk/lib/_internal/js_dev_runtime/patch/core_patch.dart 436:5                 fromEnvironment
package:fuel_arena/app/app_config.dart 40:33                                      read
package:fuel_arena/app/app_config.dart 52:41                                      fromEnvironment
package:fuel_arena/app/bootstrap.dart 30:28                                       <fn>
dart-sdk/lib/_internal/js_dev_runtime/patch/async_patch.dart 618:19               <fn>
dart-sdk/lib/_internal/js_dev_runtime/patch/async_patch.dart 643:23               <fn>
dart-sdk/lib/_internal/js_dev_runtime/patch/async_patch.dart 593:5                <fn>
dart-sdk/lib/async/zone.dart 967:54                                               runBinary
dart-sdk/lib/async/future_impl.dart 237:22                                        handleError
dart-sdk/lib/async/future_impl.dart 960:46                                        handleError
dart-sdk/lib/async/future_impl.dart 981:13                                        _propagateToListeners
dart-sdk/lib/async/future_impl.dart 738:5                                         [_completeErrorObject]
dart-sdk/lib/async/future_impl.dart 742:5                                         [_completeError]
dart-sdk/lib/_internal/js_dev_runtime/patch/async_patch.dart 506:7                completeError
dart-sdk/lib/_internal/js_dev_runtime/patch/async_patch.dart 577:12               _asyncRethrow
package:flutter_dotenv/src/dotenv.dart 171:3                                      <fn>
dart-sdk/lib/_internal/js_dev_runtime/patch/async_patch.dart 618:19               <fn>
dart-sdk/lib/_internal/js_dev_runtime/patch/async_patch.dart 643:23               <fn>
dart-sdk/lib/_internal/js_dev_runtime/patch/async_patch.dart 593:5                <fn>
dart-sdk/lib/async/zone.dart 967:54                                               runBinary
dart-sdk/lib/async/future_impl.dart 237:22                                        handleError
dart-sdk/lib/async/future_impl.dart 960:46                                        handleError
dart-sdk/lib/async/future_impl.dart 981:13                                        _propagateToListeners
dart-sdk/lib/async/future_impl.dart 738:5                                         [_completeErrorObject]
dart-sdk/lib/async/future_impl.dart 742:5                                         [_completeError]
dart-sdk/lib/_internal/js_dev_runtime/patch/async_patch.dart 506:7                completeError
dart-sdk/lib/_internal/js_dev_runtime/patch/async_patch.dart 577:12               _asyncRethrow
package:flutter_dotenv/src/dotenv.dart 224:3                                      <fn>
dart-sdk/lib/_internal/js_dev_runtime/patch/async_patch.dart 618:19               <fn>
dart-sdk/lib/_internal/js_dev_runtime/patch/async_patch.dart 643:23               <fn>
dart-sdk/lib/_internal/js_dev_runtime/patch/async_patch.dart 593:5                <fn>
dart-sdk/lib/async/zone.dart 967:54                                               runBinary
dart-sdk/lib/async/future_impl.dart 237:22                                        handleError
dart-sdk/lib/async/future_impl.dart 960:46                                        handleError
dart-sdk/lib/async/future_impl.dart 981:13                                        _propagateToListeners
dart-sdk/lib/async/future_impl.dart 738:5                                         [_completeErrorObject]
dart-sdk/lib/async/future_impl.dart 742:5                                         [_completeError]
dart-sdk/lib/_internal/js_dev_runtime/patch/async_patch.dart 506:7                completeError
dart-sdk/lib/_internal/js_dev_runtime/patch/async_patch.dart 577:12               _asyncRethrow
package:flutter/src/services/asset_bundle.dart 91:18                              <fn>
dart-sdk/lib/_internal/js_dev_runtime/patch/async_patch.dart 618:19               <fn>
dart-sdk/lib/_internal/js_dev_runtime/patch/async_patch.dart 643:23               <fn>
dart-sdk/lib/_internal/js_dev_runtime/patch/async_patch.dart 593:5                <fn>
dart-sdk/lib/async/zone.dart 967:54                                               runBinary
dart-sdk/lib/async/future_impl.dart 237:22                                        handleError
dart-sdk/lib/async/future_impl.dart 960:46                                        handleError
dart-sdk/lib/async/future_impl.dart 981:13                                        _propagateToListeners
dart-sdk/lib/async/future_impl.dart 720:5                                         [_completeWithValue]
dart-sdk/lib/async/future_impl.dart 804:7                                         <fn>
dart-sdk/lib/async/schedule_microtask.dart 40:34                                  _microtaskLoop
dart-sdk/lib/async/schedule_microtask.dart 49:5                                   _startMicrotaskLoop
dart-sdk/lib/_internal/js_dev_runtime/private/ddc_runtime/operations.dart 118:77  tear
dart-sdk/lib/_internal/js_dev_runtime/patch/async_patch.dart 183:69               <fn>
