Launching lib\main.dart on Chrome in debug mode...
Waiting for connection from debug service on Chrome...             41.2s

Flutter run key commands.
r Hot reload. 
R Hot restart.
h List all available interactive commands.
d Detach (terminate "flutter run" but leave application running).
c Clear the screen
q Quit (terminate the application on the device).

This app is linked to the debug service: ws://127.0.0.1:14062/MjFB_OWG4u0=/ws
Debug service listening on ws://127.0.0.1:14062/MjFB_OWG4u0=/ws
A Dart VM Service on Chrome is available at: http://127.0.0.1:14062/MjFB_OWG4u0=
The Flutter DevTools debugger and profiler on Chrome is available at: http://127.0.0.1:14062/MjFB_OWG4u0=/devtools/?uri=ws://127.0.0.1:14062/MjFB_OWG4u0=/ws
Starting application from main method in: org-dartlang-app:/web_entrypoint.dart.
══╡ EXCEPTION CAUGHT BY FLUTTER FRAMEWORK ╞═════════════════════════════════════════════════════════
The following assertion was thrown:
ListTile background color or ink splashes may be invisible.
The ListTile is wrapped in a DecoratedBox that has a background color. Because ListTile paints its
background and ink splashes on the nearest Material ancestor, this DecoratedBox will hide those
effects.
To fix this, wrap the ListTile in its own Material widget, or remove the background color from the
intermediate DecoratedBox.

ListTile:
  ListTile(selectedColor: Color(alpha: 1.0000, red: 0.4745, green: 1.0000, blue: 0.3569, colorSpace: ColorSpace.sRGB), onTap: Closure: () => void from: (...args) => context[property](...args))
DecoratedBox: DecoratedBox(bg:
    BoxDecoration(color: Color(alpha: 0.9216, red: 0.1098, green: 0.1059, blue: 0.1059, colorSpace: ColorSpace.sRGB), border: Border.all(BorderSide(color: Color(alpha: 0.0784, red: 1.0000, green: 1.0000, blue: 1.0000, colorSpace: ColorSpace.sRGB))), borderRadius: BorderRadius.circular(12.0),
      boxShadow: [BoxShadow(Color(alpha: 0.3490, red: 0.0000, green:
        0.0000, blue: 0.0000, colorSpace: ColorSpace.sRGB), Offset(0.0,
        12.0), 24.0, 0.0, BlurStyle.normal)]
      )
  )
════════════════════════════════════════════════════════════════════════════════════════════════════
Another exception was thrown: ListTile background color or ink splashes may be invisible.
Another exception was thrown: ListTile background color or ink splashes may be invisible.
Another exception was thrown: ListTile background color or ink splashes may be invisible.
Another exception was thrown: ListTile background color or ink splashes may be invisible.
